<?xml version="1.0" encoding="UTF-8"?>
<!-- Generated by org.testng.reporters.JUnitReportReporter -->
<testsuite hostname="prabhu" name="tests.CreateorderTest" tests="1" failures="0" timestamp="22 Mar 2014 14:59:39 GMT" time="13.447" errors="0">
  <testcase name="NavigateToCreatePage" time="13.447" classname="tests.CreateorderTest"/>
</testsuite> <!-- tests.CreateorderTest -->
