<?xml version="1.0" encoding="UTF-8"?>
<!-- Generated by org.testng.reporters.JUnitReportReporter -->
<testsuite hostname="prabhu" name="tests.SearchOrderTest" tests="2" failures="0" timestamp="19 May 2014 17:50:51 GMT" time="17.626" errors="0">
  <testcase name="NavigateToSearchOrder" time="8.937" classname="tests.SearchOrderTest"/>
  <testcase name="NavigateToSearchOrder" time="8.689" classname="tests.SearchOrderTest"/>
</testsuite> <!-- tests.SearchOrderTest -->
