<?xml version="1.0" encoding="UTF-8"?>
<!-- Generated by org.testng.reporters.JUnitReportReporter -->
<testsuite hostname="tslc0827" name="tests.SecurityTest" tests="3" failures="0" timestamp="7 Jan 2014 10:08:21 GMT" time="4.435" errors="0">
  <testcase name="NavigateToSearch" time="1.420" classname="tests.SecurityTest"/>
  <testcase name="NavigateToSearch" time="1.489" classname="tests.SecurityTest"/>
  <testcase name="NavigateToSearch" time="1.526" classname="tests.SecurityTest"/>
</testsuite> <!-- tests.SecurityTest -->
